Compiling the C compiler identification source file "CMakeCCompilerId.c" failed.
Compiler: /usr/bin/cc 
Build flags: -g;-pthread;-m32
Id flags:  

The output was:
1
/usr/bin/ld: cannot find Scrt1.o: No such file or directory
/usr/bin/ld: cannot find crti.o: No such file or directory
/usr/bin/ld: skipping incompatible /usr/lib/gcc/x86_64-linux-gnu/9/libgcc.a when searching for -lgcc
/usr/bin/ld: cannot find -lgcc
/usr/bin/ld: skipping incompatible /usr/lib/x86_64-linux-gnu/libgcc_s.so.1 when searching for libgcc_s.so.1
/usr/bin/ld: cannot find libgcc_s.so.1
/usr/bin/ld: skipping incompatible /usr/lib/gcc/x86_64-linux-gnu/9/libgcc.a when searching for -lgcc
/usr/bin/ld: cannot find -lgcc
collect2: error: ld returned 1 exit status


Compiling the CXX compiler identification source file "CMakeCXXCompilerId.cpp" failed.
Compiler: /usr/bin/c++ 
Build flags: -g;-pthread;-m32;-fno-rtti;-fno-exceptions
Id flags:  

The output was:
1
/usr/bin/ld: cannot find Scrt1.o: No such file or directory
/usr/bin/ld: cannot find crti.o: No such file or directory
/usr/bin/ld: skipping incompatible /usr/lib/gcc/x86_64-linux-gnu/9/libstdc++.so when searching for -lstdc++
/usr/bin/ld: skipping incompatible /usr/lib/gcc/x86_64-linux-gnu/9/libstdc++.a when searching for -lstdc++
/usr/bin/ld: cannot find -lstdc++
/usr/bin/ld: skipping incompatible /usr/lib/x86_64-linux-gnu/libm.so when searching for -lm
/usr/bin/ld: skipping incompatible /usr/lib/x86_64-linux-gnu/libm.a when searching for -lm
/usr/bin/ld: cannot find -lm
/usr/bin/ld: skipping incompatible /usr/lib/x86_64-linux-gnu/libgcc_s.so.1 when searching for libgcc_s.so.1
/usr/bin/ld: cannot find libgcc_s.so.1
/usr/bin/ld: skipping incompatible /usr/lib/gcc/x86_64-linux-gnu/9/libgcc.a when searching for -lgcc
/usr/bin/ld: cannot find -lgcc
collect2: error: ld returned 1 exit status


